[debug] [2026-07-15T11:05:19.627Z] [Firebase Plugin] Activating Firebase extension.
[debug] [2026-07-15T11:05:50.631Z] [Firebase Plugin] requireAuthWrapper
[debug] [2026-07-15T11:05:50.632Z] > command requires scopes: ["email","openid","https://www.googleapis.com/auth/cloudplatformprojects.readonly","https://www.googleapis.com/auth/firebase","https://www.googleapis.com/auth/cloud-platform"]
[debug] [2026-07-15T11:05:50.632Z] > authorizing via signed-in user (jdynamo25@gmail.com)
[debug] [2026-07-15T11:05:50.634Z] Checked if tokens are valid: true, expires at: 1784116672274
[debug] [2026-07-15T11:05:50.634Z] Checked if tokens are valid: true, expires at: 1784116672274
[debug] [2026-07-15T11:05:50.634Z] [Firebase Plugin] User found:  jdynamo25@gmail.com
[info] [Firebase Plugin] (Core:Project) New user detected, fetching projects
[debug] [2026-07-15T11:05:50.634Z] Checked if tokens are valid: true, expires at: 1784116672274
[debug] [2026-07-15T11:05:50.634Z] >>> [apiv2][query] GET https://firebase.googleapis.com/v1beta1/projects pageSize=1000
[info] [Firebase Plugin] Starting SQL Connect toolkit (version 3.4.15) on port 50002
[debug] [2026-07-15T11:05:50.854Z] 'fdc build' failed with error: Unable to build your SQL Connect schema and connectors (exit code 1): E0715 11:05:50.853307   14452 cmd.go:43] Error loading data connect config: could not find dataconnect.yaml in `/Users/dynamo/Desktop/Dev/react/Genec Electrix/genec-electrix/dataconnect`
 {"metadata":{"emulator":{"name":"dataconnect"},"message":"'fdc build' failed with error: Unable to build your SQL Connect schema and connectors (exit code 1): E0715 11:05:50.853307   14452 cmd.go:43] Error loading data connect config: could not find dataconnect.yaml in `/Users/dynamo/Desktop/Dev/react/Genec Electrix/genec-electrix/dataconnect`\n"}}
[debug] [2026-07-15T11:05:50.855Z] Ignoring unsupported arg: auto_download {"metadata":{"emulator":{"name":"dataconnect"},"message":"Ignoring unsupported arg: auto_download"}}
[debug] [2026-07-15T11:05:50.855Z] Ignoring unsupported arg: port {"metadata":{"emulator":{"name":"dataconnect"},"message":"Ignoring unsupported arg: port"}}
[debug] [2026-07-15T11:05:50.855Z] Starting SQL Connect Emulator with command {"binary":"/Users/dynamo/.cache/firebase/emulators/dataconnect-emulator-3.4.15","args":["--logtostderr","-v=2","dev","--listen=localhost:50002","--config_dir=/Users/dynamo/Desktop/Dev/react/Genec Electrix/genec-electrix/dataconnect","--enable_output_schema_extensions=true","--enable_output_generated_sdk=true"],"optionalArgs":["listen","config_dir","enable_output_schema_extensions","enable_output_generated_sdk"],"joinArgs":true,"shell":false,"port":9399} {"metadata":{"emulator":{"name":"dataconnect"},"message":"Starting SQL Connect Emulator with command {\"binary\":\"/Users/dynamo/.cache/firebase/emulators/dataconnect-emulator-3.4.15\",\"args\":[\"--logtostderr\",\"-v=2\",\"dev\",\"--listen=localhost:50002\",\"--config_dir=/Users/dynamo/Desktop/Dev/react/Genec Electrix/genec-electrix/dataconnect\",\"--enable_output_schema_extensions=true\",\"--enable_output_generated_sdk=true\"],\"optionalArgs\":[\"listen\",\"config_dir\",\"enable_output_schema_extensions\",\"enable_output_generated_sdk\"],\"joinArgs\":true,\"shell\":false,\"port\":9399}"}}
[info] i  dataconnect: SQL Connect Emulator logging to dataconnect-debug.log {"metadata":{"emulator":{"name":"dataconnect"},"message":"SQL Connect Emulator logging to dataconnect-debug.log"}}
[debug] [2026-07-15T11:05:50.873Z] E0715 11:05:50.873475   14453 dev.go:80] Failed to load initial config from "/Users/dynamo/Desktop/Dev/react/Genec Electrix/genec-electrix/dataconnect": could not find dataconnect.yaml in `/Users/dynamo/Desktop/Dev/react/Genec Electrix/genec-electrix/dataconnect`
 {"metadata":{"emulator":{"name":"dataconnect"},"message":"E0715 11:05:50.873475   14453 dev.go:80] Failed to load initial config from \"/Users/dynamo/Desktop/Dev/react/Genec Electrix/genec-electrix/dataconnect\": could not find dataconnect.yaml in `/Users/dynamo/Desktop/Dev/react/Genec Electrix/genec-electrix/dataconnect`\n"}}
[debug] [2026-07-15T11:05:50.875Z] E0715 11:05:50.875667   14453 watch.go:116] watchAllDir unable to walk dir `/Users/dynamo/Desktop/Dev/react/Genec Electrix/genec-electrix/dataconnect`: lstat /Users/dynamo/Desktop/Dev/react/Genec Electrix/genec-electrix/dataconnect: no such file or directory
 {"metadata":{"emulator":{"name":"dataconnect"},"message":"E0715 11:05:50.875667   14453 watch.go:116] watchAllDir unable to walk dir `/Users/dynamo/Desktop/Dev/react/Genec Electrix/genec-electrix/dataconnect`: lstat /Users/dynamo/Desktop/Dev/react/Genec Electrix/genec-electrix/dataconnect: no such file or directory\n"}}
[debug] [2026-07-15T11:05:50.886Z] I0715 11:05:50.880124   14453 dev.go:101] Listening on address (HTTP + gRPC): 127.0.0.1:50002
 {"metadata":{"emulator":{"name":"dataconnect"},"message":"I0715 11:05:50.880124   14453 dev.go:101] Listening on address (HTTP + gRPC): 127.0.0.1:50002\n"}}
[debug] [2026-07-15T11:06:00.881Z] E0715 11:06:00.877342   14453 watch.go:40] Failed to load config from "/Users/dynamo/Desktop/Dev/react/Genec Electrix/genec-electrix/dataconnect": could not find dataconnect.yaml in `/Users/dynamo/Desktop/Dev/react/Genec Electrix/genec-electrix/dataconnect`
 {"metadata":{"emulator":{"name":"dataconnect"},"message":"E0715 11:06:00.877342   14453 watch.go:40] Failed to load config from \"/Users/dynamo/Desktop/Dev/react/Genec Electrix/genec-electrix/dataconnect\": could not find dataconnect.yaml in `/Users/dynamo/Desktop/Dev/react/Genec Electrix/genec-electrix/dataconnect`\n"}}
[debug] [2026-07-15T11:06:01.187Z] *** [apiv2] error from fetch(https://firebase.googleapis.com/v1beta1/projects?pageSize=1000, {"headers":{},"method":"GET","signal":{}}): ConnectTimeoutError: Connect Timeout Error (attempted addresses: 172.217.114.4:443, 172.217.118.4:443, 172.217.119.4:443, 172.217.116.4:443, 172.217.115.4:443, 172.217.113.4:443, 172.217.112.4:443, 172.217.117.4:443, timeout: 10000ms)
[debug] [2026-07-15T11:06:01.187Z] Failed to make request to https://firebase.googleapis.com/v1beta1/projects?pageSize=1000
[error] [Firebase Plugin] error:  {}
[debug] [2026-07-15T11:06:10.882Z] E0715 11:06:10.876634   14453 watch.go:40] Failed to load config from "/Users/dynamo/Desktop/Dev/react/Genec Electrix/genec-electrix/dataconnect": could not find dataconnect.yaml in `/Users/dynamo/Desktop/Dev/react/Genec Electrix/genec-electrix/dataconnect`
 {"metadata":{"emulator":{"name":"dataconnect"},"message":"E0715 11:06:10.876634   14453 watch.go:40] Failed to load config from \"/Users/dynamo/Desktop/Dev/react/Genec Electrix/genec-electrix/dataconnect\": could not find dataconnect.yaml in `/Users/dynamo/Desktop/Dev/react/Genec Electrix/genec-electrix/dataconnect`\n"}}
[debug] [2026-07-15T11:06:20.877Z] E0715 11:06:20.876779   14453 watch.go:40] Failed to load config from "/Users/dynamo/Desktop/Dev/react/Genec Electrix/genec-electrix/dataconnect": could not find dataconnect.yaml in `/Users/dynamo/Desktop/Dev/react/Genec Electrix/genec-electrix/dataconnect`
 {"metadata":{"emulator":{"name":"dataconnect"},"message":"E0715 11:06:20.876779   14453 watch.go:40] Failed to load config from \"/Users/dynamo/Desktop/Dev/react/Genec Electrix/genec-electrix/dataconnect\": could not find dataconnect.yaml in `/Users/dynamo/Desktop/Dev/react/Genec Electrix/genec-electrix/dataconnect`\n"}}
[debug] [2026-07-15T11:06:30.876Z] E0715 11:06:30.876834   14453 watch.go:40] Failed to load config from "/Users/dynamo/Desktop/Dev/react/Genec Electrix/genec-electrix/dataconnect": could not find dataconnect.yaml in `/Users/dynamo/Desktop/Dev/react/Genec Electrix/genec-electrix/dataconnect`
 {"metadata":{"emulator":{"name":"dataconnect"},"message":"E0715 11:06:30.876834   14453 watch.go:40] Failed to load config from \"/Users/dynamo/Desktop/Dev/react/Genec Electrix/genec-electrix/dataconnect\": could not find dataconnect.yaml in `/Users/dynamo/Desktop/Dev/react/Genec Electrix/genec-electrix/dataconnect`\n"}}
[debug] [2026-07-15T11:06:40.877Z] E0715 11:06:40.877136   14453 watch.go:40] Failed to load config from "/Users/dynamo/Desktop/Dev/react/Genec Electrix/genec-electrix/dataconnect": could not find dataconnect.yaml in `/Users/dynamo/Desktop/Dev/react/Genec Electrix/genec-electrix/dataconnect`
 {"metadata":{"emulator":{"name":"dataconnect"},"message":"E0715 11:06:40.877136   14453 watch.go:40] Failed to load config from \"/Users/dynamo/Desktop/Dev/react/Genec Electrix/genec-electrix/dataconnect\": could not find dataconnect.yaml in `/Users/dynamo/Desktop/Dev/react/Genec Electrix/genec-electrix/dataconnect`\n"}}
[debug] [2026-07-15T11:06:50.877Z] E0715 11:06:50.877131   14453 watch.go:40] Failed to load config from "/Users/dynamo/Desktop/Dev/react/Genec Electrix/genec-electrix/dataconnect": could not find dataconnect.yaml in `/Users/dynamo/Desktop/Dev/react/Genec Electrix/genec-electrix/dataconnect`
 {"metadata":{"emulator":{"name":"dataconnect"},"message":"E0715 11:06:50.877131   14453 watch.go:40] Failed to load config from \"/Users/dynamo/Desktop/Dev/react/Genec Electrix/genec-electrix/dataconnect\": could not find dataconnect.yaml in `/Users/dynamo/Desktop/Dev/react/Genec Electrix/genec-electrix/dataconnect`\n"}}
[debug] [2026-07-15T11:06:50.877Z] E0715 11:06:50.877136   14453 watch.go:116] watchAllDir unable to walk dir `/Users/dynamo/Desktop/Dev/react/Genec Electrix/genec-electrix/dataconnect`: lstat /Users/dynamo/Desktop/Dev/react/Genec Electrix/genec-electrix/dataconnect: no such file or directory
 {"metadata":{"emulator":{"name":"dataconnect"},"message":"E0715 11:06:50.877136   14453 watch.go:116] watchAllDir unable to walk dir `/Users/dynamo/Desktop/Dev/react/Genec Electrix/genec-electrix/dataconnect`: lstat /Users/dynamo/Desktop/Dev/react/Genec Electrix/genec-electrix/dataconnect: no such file or directory\n"}}
[debug] [2026-07-15T11:07:00.877Z] E0715 11:07:00.877401   14453 watch.go:40] Failed to load config from "/Users/dynamo/Desktop/Dev/react/Genec Electrix/genec-electrix/dataconnect": could not find dataconnect.yaml in `/Users/dynamo/Desktop/Dev/react/Genec Electrix/genec-electrix/dataconnect`
 {"metadata":{"emulator":{"name":"dataconnect"},"message":"E0715 11:07:00.877401   14453 watch.go:40] Failed to load config from \"/Users/dynamo/Desktop/Dev/react/Genec Electrix/genec-electrix/dataconnect\": could not find dataconnect.yaml in `/Users/dynamo/Desktop/Dev/react/Genec Electrix/genec-electrix/dataconnect`\n"}}
[debug] [2026-07-15T11:07:10.877Z] E0715 11:07:10.877485   14453 watch.go:40] Failed to load config from "/Users/dynamo/Desktop/Dev/react/Genec Electrix/genec-electrix/dataconnect": could not find dataconnect.yaml in `/Users/dynamo/Desktop/Dev/react/Genec Electrix/genec-electrix/dataconnect`
 {"metadata":{"emulator":{"name":"dataconnect"},"message":"E0715 11:07:10.877485   14453 watch.go:40] Failed to load config from \"/Users/dynamo/Desktop/Dev/react/Genec Electrix/genec-electrix/dataconnect\": could not find dataconnect.yaml in `/Users/dynamo/Desktop/Dev/react/Genec Electrix/genec-electrix/dataconnect`\n"}}
[debug] [2026-07-15T11:07:20.877Z] E0715 11:07:20.877623   14453 watch.go:40] Failed to load config from "/Users/dynamo/Desktop/Dev/react/Genec Electrix/genec-electrix/dataconnect": could not find dataconnect.yaml in `/Users/dynamo/Desktop/Dev/react/Genec Electrix/genec-electrix/dataconnect`
 {"metadata":{"emulator":{"name":"dataconnect"},"message":"E0715 11:07:20.877623   14453 watch.go:40] Failed to load config from \"/Users/dynamo/Desktop/Dev/react/Genec Electrix/genec-electrix/dataconnect\": could not find dataconnect.yaml in `/Users/dynamo/Desktop/Dev/react/Genec Electrix/genec-electrix/dataconnect`\n"}}
[debug] [2026-07-15T11:07:30.886Z] E0715 11:07:30.877830   14453 watch.go:40] Failed to load config from "/Users/dynamo/Desktop/Dev/react/Genec Electrix/genec-electrix/dataconnect": could not find dataconnect.yaml in `/Users/dynamo/Desktop/Dev/react/Genec Electrix/genec-electrix/dataconnect`
 {"metadata":{"emulator":{"name":"dataconnect"},"message":"E0715 11:07:30.877830   14453 watch.go:40] Failed to load config from \"/Users/dynamo/Desktop/Dev/react/Genec Electrix/genec-electrix/dataconnect\": could not find dataconnect.yaml in `/Users/dynamo/Desktop/Dev/react/Genec Electrix/genec-electrix/dataconnect`\n"}}
[debug] [2026-07-15T11:07:40.884Z] E0715 11:07:40.877861   14453 watch.go:40] Failed to load config from "/Users/dynamo/Desktop/Dev/react/Genec Electrix/genec-electrix/dataconnect": could not find dataconnect.yaml in `/Users/dynamo/Desktop/Dev/react/Genec Electrix/genec-electrix/dataconnect`
 {"metadata":{"emulator":{"name":"dataconnect"},"message":"E0715 11:07:40.877861   14453 watch.go:40] Failed to load config from \"/Users/dynamo/Desktop/Dev/react/Genec Electrix/genec-electrix/dataconnect\": could not find dataconnect.yaml in `/Users/dynamo/Desktop/Dev/react/Genec Electrix/genec-electrix/dataconnect`\n"}}
[debug] [2026-07-15T11:07:50.878Z] E0715 11:07:50.878145   14453 watch.go:116] watchAllDir unable to walk dir `/Users/dynamo/Desktop/Dev/react/Genec Electrix/genec-electrix/dataconnect`: lstat /Users/dynamo/Desktop/Dev/react/Genec Electrix/genec-electrix/dataconnect: no such file or directory
E0715 11:07:50.878184   14453 watch.go:40] Failed to load config from "/Users/dynamo/Desktop/Dev/react/Genec Electrix/genec-electrix/dataconnect": could not find dataconnect.yaml in `/Users/dynamo/Desktop/Dev/react/Genec Electrix/genec-electrix/dataconnect`
 {"metadata":{"emulator":{"name":"dataconnect"},"message":"E0715 11:07:50.878145   14453 watch.go:116] watchAllDir unable to walk dir `/Users/dynamo/Desktop/Dev/react/Genec Electrix/genec-electrix/dataconnect`: lstat /Users/dynamo/Desktop/Dev/react/Genec Electrix/genec-electrix/dataconnect: no such file or directory\nE0715 11:07:50.878184   14453 watch.go:40] Failed to load config from \"/Users/dynamo/Desktop/Dev/react/Genec Electrix/genec-electrix/dataconnect\": could not find dataconnect.yaml in `/Users/dynamo/Desktop/Dev/react/Genec Electrix/genec-electrix/dataconnect`\n"}}
[debug] [2026-07-15T11:08:00.878Z] E0715 11:08:00.878326   14453 watch.go:40] Failed to load config from "/Users/dynamo/Desktop/Dev/react/Genec Electrix/genec-electrix/dataconnect": could not find dataconnect.yaml in `/Users/dynamo/Desktop/Dev/react/Genec Electrix/genec-electrix/dataconnect`
 {"metadata":{"emulator":{"name":"dataconnect"},"message":"E0715 11:08:00.878326   14453 watch.go:40] Failed to load config from \"/Users/dynamo/Desktop/Dev/react/Genec Electrix/genec-electrix/dataconnect\": could not find dataconnect.yaml in `/Users/dynamo/Desktop/Dev/react/Genec Electrix/genec-electrix/dataconnect`\n"}}
[debug] [2026-07-15T11:08:10.878Z] E0715 11:08:10.878497   14453 watch.go:40] Failed to load config from "/Users/dynamo/Desktop/Dev/react/Genec Electrix/genec-electrix/dataconnect": could not find dataconnect.yaml in `/Users/dynamo/Desktop/Dev/react/Genec Electrix/genec-electrix/dataconnect`
 {"metadata":{"emulator":{"name":"dataconnect"},"message":"E0715 11:08:10.878497   14453 watch.go:40] Failed to load config from \"/Users/dynamo/Desktop/Dev/react/Genec Electrix/genec-electrix/dataconnect\": could not find dataconnect.yaml in `/Users/dynamo/Desktop/Dev/react/Genec Electrix/genec-electrix/dataconnect`\n"}}
[debug] [2026-07-15T11:08:20.878Z] E0715 11:08:20.878686   14453 watch.go:40] Failed to load config from "/Users/dynamo/Desktop/Dev/react/Genec Electrix/genec-electrix/dataconnect": could not find dataconnect.yaml in `/Users/dynamo/Desktop/Dev/react/Genec Electrix/genec-electrix/dataconnect`
 {"metadata":{"emulator":{"name":"dataconnect"},"message":"E0715 11:08:20.878686   14453 watch.go:40] Failed to load config from \"/Users/dynamo/Desktop/Dev/react/Genec Electrix/genec-electrix/dataconnect\": could not find dataconnect.yaml in `/Users/dynamo/Desktop/Dev/react/Genec Electrix/genec-electrix/dataconnect`\n"}}
[debug] [2026-07-15T11:08:30.879Z] E0715 11:08:30.878884   14453 watch.go:40] Failed to load config from "/Users/dynamo/Desktop/Dev/react/Genec Electrix/genec-electrix/dataconnect": could not find dataconnect.yaml in `/Users/dynamo/Desktop/Dev/react/Genec Electrix/genec-electrix/dataconnect`
 {"metadata":{"emulator":{"name":"dataconnect"},"message":"E0715 11:08:30.878884   14453 watch.go:40] Failed to load config from \"/Users/dynamo/Desktop/Dev/react/Genec Electrix/genec-electrix/dataconnect\": could not find dataconnect.yaml in `/Users/dynamo/Desktop/Dev/react/Genec Electrix/genec-electrix/dataconnect`\n"}}
[debug] [2026-07-15T11:08:40.879Z] E0715 11:08:40.879103   14453 watch.go:40] Failed to load config from "/Users/dynamo/Desktop/Dev/react/Genec Electrix/genec-electrix/dataconnect": could not find dataconnect.yaml in `/Users/dynamo/Desktop/Dev/react/Genec Electrix/genec-electrix/dataconnect`
 {"metadata":{"emulator":{"name":"dataconnect"},"message":"E0715 11:08:40.879103   14453 watch.go:40] Failed to load config from \"/Users/dynamo/Desktop/Dev/react/Genec Electrix/genec-electrix/dataconnect\": could not find dataconnect.yaml in `/Users/dynamo/Desktop/Dev/react/Genec Electrix/genec-electrix/dataconnect`\n"}}
[debug] [2026-07-15T11:08:50.879Z] E0715 11:08:50.879171   14453 watch.go:40] Failed to load config from "/Users/dynamo/Desktop/Dev/react/Genec Electrix/genec-electrix/dataconnect": could not find dataconnect.yaml in `/Users/dynamo/Desktop/Dev/react/Genec Electrix/genec-electrix/dataconnect`
 {"metadata":{"emulator":{"name":"dataconnect"},"message":"E0715 11:08:50.879171   14453 watch.go:40] Failed to load config from \"/Users/dynamo/Desktop/Dev/react/Genec Electrix/genec-electrix/dataconnect\": could not find dataconnect.yaml in `/Users/dynamo/Desktop/Dev/react/Genec Electrix/genec-electrix/dataconnect`\n"}}
[debug] [2026-07-15T11:08:50.879Z] E0715 11:08:50.879160   14453 watch.go:116] watchAllDir unable to walk dir `/Users/dynamo/Desktop/Dev/react/Genec Electrix/genec-electrix/dataconnect`: lstat /Users/dynamo/Desktop/Dev/react/Genec Electrix/genec-electrix/dataconnect: no such file or directory
 {"metadata":{"emulator":{"name":"dataconnect"},"message":"E0715 11:08:50.879160   14453 watch.go:116] watchAllDir unable to walk dir `/Users/dynamo/Desktop/Dev/react/Genec Electrix/genec-electrix/dataconnect`: lstat /Users/dynamo/Desktop/Dev/react/Genec Electrix/genec-electrix/dataconnect: no such file or directory\n"}}
[debug] [2026-07-15T11:09:00.879Z] E0715 11:09:00.879492   14453 watch.go:40] Failed to load config from "/Users/dynamo/Desktop/Dev/react/Genec Electrix/genec-electrix/dataconnect": could not find dataconnect.yaml in `/Users/dynamo/Desktop/Dev/react/Genec Electrix/genec-electrix/dataconnect`
 {"metadata":{"emulator":{"name":"dataconnect"},"message":"E0715 11:09:00.879492   14453 watch.go:40] Failed to load config from \"/Users/dynamo/Desktop/Dev/react/Genec Electrix/genec-electrix/dataconnect\": could not find dataconnect.yaml in `/Users/dynamo/Desktop/Dev/react/Genec Electrix/genec-electrix/dataconnect`\n"}}
[debug] [2026-07-15T11:09:10.879Z] E0715 11:09:10.879493   14453 watch.go:40] Failed to load config from "/Users/dynamo/Desktop/Dev/react/Genec Electrix/genec-electrix/dataconnect": could not find dataconnect.yaml in `/Users/dynamo/Desktop/Dev/react/Genec Electrix/genec-electrix/dataconnect`
 {"metadata":{"emulator":{"name":"dataconnect"},"message":"E0715 11:09:10.879493   14453 watch.go:40] Failed to load config from \"/Users/dynamo/Desktop/Dev/react/Genec Electrix/genec-electrix/dataconnect\": could not find dataconnect.yaml in `/Users/dynamo/Desktop/Dev/react/Genec Electrix/genec-electrix/dataconnect`\n"}}
[debug] [2026-07-15T11:09:20.879Z] E0715 11:09:20.879627   14453 watch.go:40] Failed to load config from "/Users/dynamo/Desktop/Dev/react/Genec Electrix/genec-electrix/dataconnect": could not find dataconnect.yaml in `/Users/dynamo/Desktop/Dev/react/Genec Electrix/genec-electrix/dataconnect`
 {"metadata":{"emulator":{"name":"dataconnect"},"message":"E0715 11:09:20.879627   14453 watch.go:40] Failed to load config from \"/Users/dynamo/Desktop/Dev/react/Genec Electrix/genec-electrix/dataconnect\": could not find dataconnect.yaml in `/Users/dynamo/Desktop/Dev/react/Genec Electrix/genec-electrix/dataconnect`\n"}}
[debug] [2026-07-15T11:09:30.880Z] E0715 11:09:30.879908   14453 watch.go:40] Failed to load config from "/Users/dynamo/Desktop/Dev/react/Genec Electrix/genec-electrix/dataconnect": could not find dataconnect.yaml in `/Users/dynamo/Desktop/Dev/react/Genec Electrix/genec-electrix/dataconnect`
 {"metadata":{"emulator":{"name":"dataconnect"},"message":"E0715 11:09:30.879908   14453 watch.go:40] Failed to load config from \"/Users/dynamo/Desktop/Dev/react/Genec Electrix/genec-electrix/dataconnect\": could not find dataconnect.yaml in `/Users/dynamo/Desktop/Dev/react/Genec Electrix/genec-electrix/dataconnect`\n"}}
[debug] [2026-07-15T11:09:40.880Z] E0715 11:09:40.880107   14453 watch.go:40] Failed to load config from "/Users/dynamo/Desktop/Dev/react/Genec Electrix/genec-electrix/dataconnect": could not find dataconnect.yaml in `/Users/dynamo/Desktop/Dev/react/Genec Electrix/genec-electrix/dataconnect`
 {"metadata":{"emulator":{"name":"dataconnect"},"message":"E0715 11:09:40.880107   14453 watch.go:40] Failed to load config from \"/Users/dynamo/Desktop/Dev/react/Genec Electrix/genec-electrix/dataconnect\": could not find dataconnect.yaml in `/Users/dynamo/Desktop/Dev/react/Genec Electrix/genec-electrix/dataconnect`\n"}}
[debug] [2026-07-15T11:09:50.880Z] E0715 11:09:50.880266   14453 watch.go:116] watchAllDir unable to walk dir `/Users/dynamo/Desktop/Dev/react/Genec Electrix/genec-electrix/dataconnect`: lstat /Users/dynamo/Desktop/Dev/react/Genec Electrix/genec-electrix/dataconnect: no such file or directory
E0715 11:09:50.880354   14453 watch.go:40] Failed to load config from "/Users/dynamo/Desktop/Dev/react/Genec Electrix/genec-electrix/dataconnect": could not find dataconnect.yaml in `/Users/dynamo/Desktop/Dev/react/Genec Electrix/genec-electrix/dataconnect`
 {"metadata":{"emulator":{"name":"dataconnect"},"message":"E0715 11:09:50.880266   14453 watch.go:116] watchAllDir unable to walk dir `/Users/dynamo/Desktop/Dev/react/Genec Electrix/genec-electrix/dataconnect`: lstat /Users/dynamo/Desktop/Dev/react/Genec Electrix/genec-electrix/dataconnect: no such file or directory\nE0715 11:09:50.880354   14453 watch.go:40] Failed to load config from \"/Users/dynamo/Desktop/Dev/react/Genec Electrix/genec-electrix/dataconnect\": could not find dataconnect.yaml in `/Users/dynamo/Desktop/Dev/react/Genec Electrix/genec-electrix/dataconnect`\n"}}
[debug] [2026-07-15T11:10:00.879Z] E0715 11:10:00.879474   14453 watch.go:40] Failed to load config from "/Users/dynamo/Desktop/Dev/react/Genec Electrix/genec-electrix/dataconnect": could not find dataconnect.yaml in `/Users/dynamo/Desktop/Dev/react/Genec Electrix/genec-electrix/dataconnect`
 {"metadata":{"emulator":{"name":"dataconnect"},"message":"E0715 11:10:00.879474   14453 watch.go:40] Failed to load config from \"/Users/dynamo/Desktop/Dev/react/Genec Electrix/genec-electrix/dataconnect\": could not find dataconnect.yaml in `/Users/dynamo/Desktop/Dev/react/Genec Electrix/genec-electrix/dataconnect`\n"}}
[debug] [2026-07-15T11:10:10.880Z] E0715 11:10:10.880594   14453 watch.go:40] Failed to load config from "/Users/dynamo/Desktop/Dev/react/Genec Electrix/genec-electrix/dataconnect": could not find dataconnect.yaml in `/Users/dynamo/Desktop/Dev/react/Genec Electrix/genec-electrix/dataconnect`
 {"metadata":{"emulator":{"name":"dataconnect"},"message":"E0715 11:10:10.880594   14453 watch.go:40] Failed to load config from \"/Users/dynamo/Desktop/Dev/react/Genec Electrix/genec-electrix/dataconnect\": could not find dataconnect.yaml in `/Users/dynamo/Desktop/Dev/react/Genec Electrix/genec-electrix/dataconnect`\n"}}
[debug] [2026-07-15T11:10:20.880Z] E0715 11:10:20.880604   14453 watch.go:40] Failed to load config from "/Users/dynamo/Desktop/Dev/react/Genec Electrix/genec-electrix/dataconnect": could not find dataconnect.yaml in `/Users/dynamo/Desktop/Dev/react/Genec Electrix/genec-electrix/dataconnect`
 {"metadata":{"emulator":{"name":"dataconnect"},"message":"E0715 11:10:20.880604   14453 watch.go:40] Failed to load config from \"/Users/dynamo/Desktop/Dev/react/Genec Electrix/genec-electrix/dataconnect\": could not find dataconnect.yaml in `/Users/dynamo/Desktop/Dev/react/Genec Electrix/genec-electrix/dataconnect`\n"}}
[debug] [2026-07-15T11:10:30.880Z] E0715 11:10:30.880851   14453 watch.go:40] Failed to load config from "/Users/dynamo/Desktop/Dev/react/Genec Electrix/genec-electrix/dataconnect": could not find dataconnect.yaml in `/Users/dynamo/Desktop/Dev/react/Genec Electrix/genec-electrix/dataconnect`
 {"metadata":{"emulator":{"name":"dataconnect"},"message":"E0715 11:10:30.880851   14453 watch.go:40] Failed to load config from \"/Users/dynamo/Desktop/Dev/react/Genec Electrix/genec-electrix/dataconnect\": could not find dataconnect.yaml in `/Users/dynamo/Desktop/Dev/react/Genec Electrix/genec-electrix/dataconnect`\n"}}
[debug] [2026-07-15T11:10:40.881Z] E0715 11:10:40.881095   14453 watch.go:40] Failed to load config from "/Users/dynamo/Desktop/Dev/react/Genec Electrix/genec-electrix/dataconnect": could not find dataconnect.yaml in `/Users/dynamo/Desktop/Dev/react/Genec Electrix/genec-electrix/dataconnect`
 {"metadata":{"emulator":{"name":"dataconnect"},"message":"E0715 11:10:40.881095   14453 watch.go:40] Failed to load config from \"/Users/dynamo/Desktop/Dev/react/Genec Electrix/genec-electrix/dataconnect\": could not find dataconnect.yaml in `/Users/dynamo/Desktop/Dev/react/Genec Electrix/genec-electrix/dataconnect`\n"}}
[debug] [2026-07-15T11:10:50.881Z] E0715 11:10:50.881233   14453 watch.go:40] Failed to load config from "/Users/dynamo/Desktop/Dev/react/Genec Electrix/genec-electrix/dataconnect": could not find dataconnect.yaml in `/Users/dynamo/Desktop/Dev/react/Genec Electrix/genec-electrix/dataconnect`
E0715 11:10:50.881192   14453 watch.go:116] watchAllDir unable to walk dir `/Users/dynamo/Desktop/Dev/react/Genec Electrix/genec-electrix/dataconnect`: lstat /Users/dynamo/Desktop/Dev/react/Genec Electrix/genec-electrix/dataconnect: no such file or directory
 {"metadata":{"emulator":{"name":"dataconnect"},"message":"E0715 11:10:50.881233   14453 watch.go:40] Failed to load config from \"/Users/dynamo/Desktop/Dev/react/Genec Electrix/genec-electrix/dataconnect\": could not find dataconnect.yaml in `/Users/dynamo/Desktop/Dev/react/Genec Electrix/genec-electrix/dataconnect`\nE0715 11:10:50.881192   14453 watch.go:116] watchAllDir unable to walk dir `/Users/dynamo/Desktop/Dev/react/Genec Electrix/genec-electrix/dataconnect`: lstat /Users/dynamo/Desktop/Dev/react/Genec Electrix/genec-electrix/dataconnect: no such file or directory\n"}}
[debug] [2026-07-15T11:11:00.880Z] E0715 11:11:00.880730   14453 watch.go:40] Failed to load config from "/Users/dynamo/Desktop/Dev/react/Genec Electrix/genec-electrix/dataconnect": could not find dataconnect.yaml in `/Users/dynamo/Desktop/Dev/react/Genec Electrix/genec-electrix/dataconnect`
 {"metadata":{"emulator":{"name":"dataconnect"},"message":"E0715 11:11:00.880730   14453 watch.go:40] Failed to load config from \"/Users/dynamo/Desktop/Dev/react/Genec Electrix/genec-electrix/dataconnect\": could not find dataconnect.yaml in `/Users/dynamo/Desktop/Dev/react/Genec Electrix/genec-electrix/dataconnect`\n"}}
[debug] [2026-07-15T11:11:10.881Z] E0715 11:11:10.881552   14453 watch.go:40] Failed to load config from "/Users/dynamo/Desktop/Dev/react/Genec Electrix/genec-electrix/dataconnect": could not find dataconnect.yaml in `/Users/dynamo/Desktop/Dev/react/Genec Electrix/genec-electrix/dataconnect`
 {"metadata":{"emulator":{"name":"dataconnect"},"message":"E0715 11:11:10.881552   14453 watch.go:40] Failed to load config from \"/Users/dynamo/Desktop/Dev/react/Genec Electrix/genec-electrix/dataconnect\": could not find dataconnect.yaml in `/Users/dynamo/Desktop/Dev/react/Genec Electrix/genec-electrix/dataconnect`\n"}}
[debug] [2026-07-15T11:11:20.881Z] E0715 11:11:20.880892   14453 watch.go:40] Failed to load config from "/Users/dynamo/Desktop/Dev/react/Genec Electrix/genec-electrix/dataconnect": could not find dataconnect.yaml in `/Users/dynamo/Desktop/Dev/react/Genec Electrix/genec-electrix/dataconnect`
 {"metadata":{"emulator":{"name":"dataconnect"},"message":"E0715 11:11:20.880892   14453 watch.go:40] Failed to load config from \"/Users/dynamo/Desktop/Dev/react/Genec Electrix/genec-electrix/dataconnect\": could not find dataconnect.yaml in `/Users/dynamo/Desktop/Dev/react/Genec Electrix/genec-electrix/dataconnect`\n"}}
[debug] [2026-07-15T11:11:30.882Z] E0715 11:11:30.881969   14453 watch.go:40] Failed to load config from "/Users/dynamo/Desktop/Dev/react/Genec Electrix/genec-electrix/dataconnect": could not find dataconnect.yaml in `/Users/dynamo/Desktop/Dev/react/Genec Electrix/genec-electrix/dataconnect`
 {"metadata":{"emulator":{"name":"dataconnect"},"message":"E0715 11:11:30.881969   14453 watch.go:40] Failed to load config from \"/Users/dynamo/Desktop/Dev/react/Genec Electrix/genec-electrix/dataconnect\": could not find dataconnect.yaml in `/Users/dynamo/Desktop/Dev/react/Genec Electrix/genec-electrix/dataconnect`\n"}}
[debug] [2026-07-15T11:11:40.882Z] E0715 11:11:40.882220   14453 watch.go:40] Failed to load config from "/Users/dynamo/Desktop/Dev/react/Genec Electrix/genec-electrix/dataconnect": could not find dataconnect.yaml in `/Users/dynamo/Desktop/Dev/react/Genec Electrix/genec-electrix/dataconnect`
 {"metadata":{"emulator":{"name":"dataconnect"},"message":"E0715 11:11:40.882220   14453 watch.go:40] Failed to load config from \"/Users/dynamo/Desktop/Dev/react/Genec Electrix/genec-electrix/dataconnect\": could not find dataconnect.yaml in `/Users/dynamo/Desktop/Dev/react/Genec Electrix/genec-electrix/dataconnect`\n"}}
